0 info it worked if it ends with ok
1 verbose cli [ 'node', '/usr/local/bin/npm', 'install', '-g', 'reload' ]
2 info using npm@1.4.28
3 info using node@v0.10.35
4 verbose cache add [ 'reload', null ]
5 verbose cache add name=undefined spec="reload" args=["reload",null]
6 verbose parsed url { protocol: null,
6 verbose parsed url   slashes: null,
6 verbose parsed url   auth: null,
6 verbose parsed url   host: null,
6 verbose parsed url   port: null,
6 verbose parsed url   hostname: null,
6 verbose parsed url   hash: null,
6 verbose parsed url   search: null,
6 verbose parsed url   query: null,
6 verbose parsed url   pathname: 'reload',
6 verbose parsed url   path: 'reload',
6 verbose parsed url   href: 'reload' }
7 silly lockFile d6e6e576-reload reload
8 verbose lock reload /Users/yafat/.npm/d6e6e576-reload.lock
9 silly lockFile d6e6e576-reload reload
10 silly lockFile d6e6e576-reload reload
11 verbose addNamed [ 'reload', '' ]
12 verbose addNamed [ null, '*' ]
13 silly lockFile a7c17017-reload reload@
14 verbose lock reload@ /Users/yafat/.npm/a7c17017-reload.lock
15 silly addNameRange { name: 'reload', range: '*', hasData: false }
16 verbose request where is /reload
17 verbose request registry https://registry.npmjs.org/
18 verbose request id 2cb72d09b6572aba
19 verbose url raw /reload
20 verbose url resolving [ 'https://registry.npmjs.org/', './reload' ]
21 verbose url resolved https://registry.npmjs.org/reload
22 verbose request where is https://registry.npmjs.org/reload
23 info trying registry request attempt 1 at 11:31:13
24 http GET https://registry.npmjs.org/reload
25 http 200 https://registry.npmjs.org/reload
26 silly registry.get cb [ 200,
26 silly registry.get   { server: 'CouchDB/1.5.0 (Erlang OTP/R16B03)',
26 silly registry.get     etag: '"3LYTIVL0I2UDWNHHBMS1TR3C8"',
26 silly registry.get     'content-type': 'application/json',
26 silly registry.get     'cache-control': 'max-age=60',
26 silly registry.get     'content-length': '16636',
26 silly registry.get     'accept-ranges': 'bytes',
26 silly registry.get     date: 'Wed, 14 Oct 2015 03:31:15 GMT',
26 silly registry.get     via: '1.1 varnish',
26 silly registry.get     age: '0',
26 silly registry.get     connection: 'keep-alive',
26 silly registry.get     'x-served-by': 'cache-nrt6130-NRT',
26 silly registry.get     'x-cache': 'MISS',
26 silly registry.get     'x-cache-hits': '0',
26 silly registry.get     'x-timer': 'S1444793475.242986,VS0,VE287',
26 silly registry.get     vary: 'Accept' } ]
27 silly addNameRange number 2 { name: 'reload', range: '*', hasData: true }
28 silly addNameRange versions [ 'reload',
28 silly addNameRange   [ '0.0.0',
28 silly addNameRange     '0.0.1',
28 silly addNameRange     '0.0.2',
28 silly addNameRange     '0.1.0',
28 silly addNameRange     '0.2.0',
28 silly addNameRange     '0.3.0',
28 silly addNameRange     '0.4.0',
28 silly addNameRange     '0.5.0' ] ]
29 verbose addNamed [ 'reload', '0.5.0' ]
30 verbose addNamed [ '0.5.0', '0.5.0' ]
31 silly lockFile 31c59f90-reload-0-5-0 reload@0.5.0
32 verbose lock reload@0.5.0 /Users/yafat/.npm/31c59f90-reload-0-5-0.lock
33 silly lockFile 13859d1c-pmjs-org-reload-reload-0-5-0-tgz https://registry.npmjs.org/reload/-/reload-0.5.0.tgz
34 verbose lock https://registry.npmjs.org/reload/-/reload-0.5.0.tgz /Users/yafat/.npm/13859d1c-pmjs-org-reload-reload-0-5-0-tgz.lock
35 verbose addRemoteTarball [ 'https://registry.npmjs.org/reload/-/reload-0.5.0.tgz',
35 verbose addRemoteTarball   'b76c7050d4004ead13993936639429ff2e8d5eed' ]
36 info retry fetch attempt 1 at 11:31:16
37 verbose fetch to= /var/folders/0n/nt8w77kx6kn5yd6d7ryf3f580000gn/T/npm-1450-qwmKMAli/registry.npmjs.org/reload/-/reload-0.5.0.tgz
38 http GET https://registry.npmjs.org/reload/-/reload-0.5.0.tgz
39 http 200 https://registry.npmjs.org/reload/-/reload-0.5.0.tgz
40 silly lockFile 13859d1c-pmjs-org-reload-reload-0-5-0-tgz https://registry.npmjs.org/reload/-/reload-0.5.0.tgz
41 silly lockFile 13859d1c-pmjs-org-reload-reload-0-5-0-tgz https://registry.npmjs.org/reload/-/reload-0.5.0.tgz
42 silly lockFile 31c59f90-reload-0-5-0 reload@0.5.0
43 silly lockFile 31c59f90-reload-0-5-0 reload@0.5.0
44 silly lockFile a7c17017-reload reload@
45 silly lockFile a7c17017-reload reload@
46 silly resolved [ { name: 'reload',
46 silly resolved     version: '0.5.0',
46 silly resolved     description: 'Node.js module to refresh and reload your code in your browser when your code changes. No browser plugins required.',
46 silly resolved     repository:
46 silly resolved      { type: 'git',
46 silly resolved        url: 'git+ssh://git@github.com/jprichardson/reload.git' },
46 silly resolved     keywords: [ 'reload', 'refresh', 'http', 'express', 'development' ],
46 silly resolved     author: { name: 'JP Richardson', email: 'jprichardson@gmail.com' },
46 silly resolved     licenses: [ [Object] ],
46 silly resolved     dependencies:
46 silly resolved      { sockjs: '~0.3.5',
46 silly resolved        supervisor: '~0.5.6',
46 silly resolved        commander: '~2.0.0',
46 silly resolved        express: '~4.13.0',
46 silly resolved        'cli-color': '~0.2.3',
46 silly resolved        open: '0.0.4',
46 silly resolved        death: '~0.1.0' },
46 silly resolved     devDependencies: {},
46 silly resolved     main: './lib/reload.js',
46 silly resolved     scripts: { test: 'mocha test' },
46 silly resolved     bin: { reload: './bin/reload' },
46 silly resolved     gitHead: 'a7c6b677d5fdcdbf7b161d71efdee55e98ec0241',
46 silly resolved     bugs: { url: 'https://github.com/jprichardson/reload/issues' },
46 silly resolved     homepage: 'https://github.com/jprichardson/reload#readme',
46 silly resolved     _id: 'reload@0.5.0',
46 silly resolved     _shasum: 'b76c7050d4004ead13993936639429ff2e8d5eed',
46 silly resolved     _from: 'reload@',
46 silly resolved     _npmVersion: '2.14.3',
46 silly resolved     _nodeVersion: '4.1.0',
46 silly resolved     _npmUser: { name: 'jprichardson', email: 'jprichardson@gmail.com' },
46 silly resolved     maintainers: [ [Object], [Object] ],
46 silly resolved     dist:
46 silly resolved      { shasum: 'b76c7050d4004ead13993936639429ff2e8d5eed',
46 silly resolved        tarball: 'http://registry.npmjs.org/reload/-/reload-0.5.0.tgz' },
46 silly resolved     directories: {},
46 silly resolved     _resolved: 'https://registry.npmjs.org/reload/-/reload-0.5.0.tgz' } ]
47 info install reload@0.5.0 into /usr/local/lib
48 info installOne reload@0.5.0
49 verbose lib/node_modules/reload unbuild
50 verbose tar unpack /Users/yafat/.npm/reload/0.5.0/package.tgz
51 silly lockFile 9abbb566-sr-local-lib-node-modules-reload tar:///usr/local/lib/node_modules/reload
52 verbose lock tar:///usr/local/lib/node_modules/reload /Users/yafat/.npm/9abbb566-sr-local-lib-node-modules-reload.lock
53 silly lockFile 264b4cb5-fat-npm-reload-0-5-0-package-tgz tar:///Users/yafat/.npm/reload/0.5.0/package.tgz
54 verbose lock tar:///Users/yafat/.npm/reload/0.5.0/package.tgz /Users/yafat/.npm/264b4cb5-fat-npm-reload-0-5-0-package-tgz.lock
55 silly gunzTarPerm modes [ '755', '644' ]
56 error Error: EACCES, mkdir '/usr/local/lib/node_modules/reload'
56 error  { [Error: EACCES, mkdir '/usr/local/lib/node_modules/reload']
56 error   errno: 3,
56 error   code: 'EACCES',
56 error   path: '/usr/local/lib/node_modules/reload',
56 error   fstream_type: 'Directory',
56 error   fstream_path: '/usr/local/lib/node_modules/reload',
56 error   fstream_class: 'DirWriter',
56 error   fstream_stack:
56 error    [ '/usr/local/lib/node_modules/npm/node_modules/fstream/lib/dir-writer.js:36:23',
56 error      '/usr/local/lib/node_modules/npm/node_modules/mkdirp/index.js:46:53',
56 error      'Object.oncomplete (fs.js:108:15)' ] }
57 error Please try running this command again as root/Administrator.
58 error System Darwin 14.0.0
59 error command "node" "/usr/local/bin/npm" "install" "-g" "reload"
60 error cwd /Users/yafat/Documents/work/GloryMakeup/GloryMakeup/server/socketio
61 error node -v v0.10.35
62 error npm -v 1.4.28
63 error path /usr/local/lib/node_modules/reload
64 error fstream_path /usr/local/lib/node_modules/reload
65 error fstream_type Directory
66 error fstream_class DirWriter
67 error code EACCES
68 error errno 3
69 error stack Error: EACCES, mkdir '/usr/local/lib/node_modules/reload'
70 error fstream_stack /usr/local/lib/node_modules/npm/node_modules/fstream/lib/dir-writer.js:36:23
70 error fstream_stack /usr/local/lib/node_modules/npm/node_modules/mkdirp/index.js:46:53
70 error fstream_stack Object.oncomplete (fs.js:108:15)
71 verbose exit [ 3, true ]
